[    0.000000] Linux version 4.15.0-91-generic (buildd@lgw01-amd64-013) (gcc version 7.4.0 (Ubuntu 7.4.0-1ubuntu1~18.04.1)) #-Uuntu SMFr Feb 28 11:09:48 UTC02 (Ubuntu 4.15.0-91.92-generic 4.15.18)[   0.000000] Commad ine: BOOIMAGE=/boot/vmlinuz-4.15.0-91-generic root=UUID=fc432cd9-3ef-4f0f-956a-9c088d130e57 ro console=tty1 console=ttyS0
[    0.000000] KERNEL supported cpus:
[    0.000000]   Intel GenuineIntel
[    0.000000]   AMD AuthenticAMD
[    0.000000]   Centaur CentaurHauls
[    0.000000] x86/fpu: Supporti XSAVE feature 0x001: 'x87 floating point registers'
[    0.000000] x86/pu: Sporting XSAVE feature 0x002: 'SSE registe'
[    0.000000] x86/fpu: Supporting XSAVE feature 0x004: 'AVX registers'
[    0.000000] x86/fpu: xstate_offset[2]:  576, xstate_sizes[2]:  256
[    0.000000] x8/fp: Enabled xstate features 0x7, context size is 832 bytes, using 'standard' format.
[    0.00000] e820: BIOS-provided physical RAM map:
[    0.000000] BIOS-e820: [mem 0x0000000000000000-0x000000000009fbff] usable
[    0.000000] BIOS-e820: [mem 0x000000000009fc00-0x000000000009ffff] reserved
[    0.000000] BIOS-e820: [mem 0x00000000000f0000-0x00000000000fffff] reserved
[    0.000000] BIOS-e820: [mem 0x0000000000100000-0x000000003ffeffff] usable
[    0.000000]IOS-e820: [mem 0x000000003fff0000-0x000000003fffffff] ACPI data
[    000000] OS-e20: [em 000000000fec00000-0x00000000fec00fff] reserved
[    0.000000] BIOS-e820: [mem 0x0000000fee00000-0x00000000fe00fff] reserved
[    0.000000] BIOS-e820: [mem 0x00000000fffc0000-0x00000000ffffffff] reserved
[    0.0000] NX (Execute Disable) protection: active
[    0.000000] SMBIOS 2.5 present.
[    0.000000] DMI: innotek GmbH VirtualBox/VirtualBox, BIOS VirtualBox 12/01/2006
[    0.000000] Hypervisor detected: KVM
[    0.000000] e820: last__pfn = 0x3fff0 max_arch_pfn = 0x0000000
[    0.000000] MTRR: Disabled
[    0.000000] x86/PAT: MTRRs disabled, skipping PAT itialization too.
[    0.000000] CPU MTRRs all blank - virtualized system.
[    0000000] x86/PATT: Configuration [0-7]: WB  WT  UC- UC  WB  WT  UC- UC  
[    0.00000] found SMP MP-table at [mem 0x0009fff0-0x0009ffff]
[    0.000000] Scanning  areas for low memory corruption
[    0.000000] RAMDISK: [mem 0x35965000-0x36ca9fff]
[    0.000000] ACPI: Early table checksum verificationdisabled
[    0.000000] ACPI: RSDP 0x00000000000E0000 000024 (v02 VBOX  )
[   0.000000] ACPI: XSDT 0x000000003FFF0030 00003C (v01 VBOX   VBOXXSDT 0000001 ASL  00000061)
[    0.000000] ACPI: FP 0x000000003FFF00F0 00F4 (v04 VBOX   VBOXFACP 00000001 ASL  00000061)
[    0.000000] ACPI: DSDT 0x000000003FFF0470 0021FF (v02 VBOX   VBOXBIOS 00000002 INTL 20100528)
[    0.0000] ACPIFAS 0x000000003FFF0200 0000400
[  0.000000] ACPI: FACS 0x0000000FFF020000040
   0.000] ACPI: API0x000000003F0240 00005C (v02 VBOX   VBOXAPIC 00000001 ASL  00000061)
[    0.000000] ACPI: SSDT 0x000000003FFF02A0 0001CC (v01 VX  VBOXCPUT 00000002 INTL 10528)
[  0.0000]No NUMA nfiguration found
[    0.000000] Faking a node at [mem 0x0000000000000000-0x000000003ffeffff]
[    0.000000] NODE_DATA(0) allocated [mem 0x3ffc5000-0x3ffeffff]
[    0.000000] kvm-clock: cpu 0, msr 0:3ff44001, primary cpu clock
[    0.000000] kvm-clock: Using msrs 4b564d01 and 4b564d00
[    0.000000] kvm-clock: using sched offset of 6275516903 cycles
[    0.000000] clocksource: kvm-clock: mask: 0xffffffffffffffff max_cycles: 0x1cd42e4dffb, max_idle_ns: 881590591483 ns
[    0.000000] Zone ranges:
[    0.000000]   DMA      [mem 0x0000000000001000-0x0000000000ffffff]
[    0.000000]   DMA32    [mem 0x0000000001000000-0x000000003ffeffff]
[    0.000000]   Normal   empty
[    0.000000]   Device   empty
[    0.000000] Movable zone start for each node
[    0.000000] Early memory node ranges
[    0.000000]   node   0: [mem 0x0000000000001000-0x000000000009efff]
[    0.000000]   node   0: [mem 0x0000000000100000-0x000000003ffeffff]
[    0.000000] Reserved but unavailable: 9 pages
[    0.000000 Initmem setup node 0 [mem 0x0000000000001000-0x000000003ffeffff]
[    0.000000] ACPI: PM-Timer IO Port: 0x4008
[    0.000000] IOAPIC[0]: apic_id 2, version 32, address 0xfec00000, GSI 0-23
[    0.000000] ACPI: INT_SRC_OVR (bus 0 bus_irq 0 global_irq 2 dfl dfl)
[   0.000] ACPIINT_SRC_OV(bus 0usirq glbal_irq lw ev)
[    0.000000] Using ACPI (MADT) for SMconfiguration information
[    00000] smpboot: Allowing 2 CPUs, 0 hotpg CPUs
[    0.000000] PM: Registre nosave memory: [mem 0x00000000-0x00000fff]
[    0.000000] PM: Registered nosave memory: [mem 0x0009f000-0x0009ffff]
[  0000000] PM: Registered nosave memory:: [m 0x00000-0x00ffff][    0.000000] PM: Reistered nosave memory: [mem 0x000f0000-0x000fffff]
[    0.000000] e820: [mem 0x40000000-0xfebfffff] available for PCI devices
[    0.000000]Booting paravirtualized kernel on KVM
[    0.000000] clocksource: refined-jiffies: mask: 0xffffffff max_cycles: 0xffffffff, max_idle_ns: 7645519600211568 ns
[    0.000000] random: get_random_bytes called from start_kernel+0x99/0x4fd with crng_init=0
[    0.000000] setup_percpu: NR_CPUS:8192 nr_cpumask_bits:2 nr_cpu_ids:2 nr_node_ids:1
[    0.000000] percpu: Embedded 45 pages/cpu s147456 r8192 d28672 u1048576
[    0.000000] PV qspinlock hash table entries: 256 (orderr: 0, 4096 bytes)
[    0.000000] Built 1 zonelists, mobility grouping on.  Total pages: 257913
[    0.000000] Policy zone: DMA32
[    0.000000] Kernel command line: BOOT_IMAGE=/boot/vmlinuz-4.15.0-91-generic root=UUID=fc432cd9-3eff-4f0f-956a-9c088d130e57 ro console=tty1 console=ttyS0
[    0.000000] Memor: 982536K/1048120K available (12300K kern code, 2481Kwdata,4264K rodata, 2432K init, 2712K bss, 65584K reserved, 0K cma-reserved)
[   0.000000] SLUB: HWalign=64, Order=0-3, MinOects=0, Us=2, Noes1[   .00000] KerneUsr page tables isolation: enabled
[  0000000ftace: allotig 39347 entriein 154 pages
[    0.004000] Hierarchical RCU implementation.
[    0.004000] 	RCU restricting CPUs from NR_CPUS=8192 to nr_cpu_ids=2.
[    0.004000] 	Tasks RCU enabled.
[    0.004000] RCU: Adjusting geometry for rcu_fanout_leaf=16, nr_cpu_ids=2
[    0.004000] NR_IRQS: 524544, nr_irqs: 440, preallocated irqs: 16
[    0.004000] Console: colour VGA+ 80x25
[    0.004000] console [tty1] enabled
[    0.004000] console [ttyS0] enabled
[    0.004000] ACPI: Core revision 20170831
[    0.004000] ACPI: 2 ACPI AML tables successfully acquired and loaded
[    0.004000] APIC: Switch to symmetric I/O mode setup

[    0.004000] x2apic enabled
[    0.004000] Switched APIC routing to physical x2apic.
[    0.004912] ..TIMER: vector=0x30 apic1=0 pin1=2 apic2=-1 pin2=-1
[    0.008006] tsc: Detected 2304.000 MHz processor
[    0.012012] Calibrating delay loop (skipped) preset value.. 4608.00 BogoMIPS (lpj=9216000)
[    0.016008] pid_max: default: 32768 minimum: 301
[    0.020045] Security Framework initialized
[    0.024004] Yama: becoming mindful.
[    0.024856] AppArmor: AppArmor initialized
[    0.029574] Dentry cache hash table entries: 131072 (order: 8, 1048576 bytes)
[    0.032065] Inode-cache hash table entries: 65536 (order: 7, 524288 bytes)
[    0.036015] Mount-cache hash table entries: 2048 (order: 2, 16384 bytes)
[    0.037665] Mountpoint-cache hash table entries: 2048 (order: 2, 16384 bytes)
[    0.040251] Last level iTLB entries: 4KB 64, 2MB 8, 4MB 8
[    0.041722] Last level dTLB entries: 4KB 64, 2MB 0, 4MB 0, 1GB 4
[    0.044008] Spectre V1 : Mitigation: usercopy/swapgs barriers and __user pointer sanitization
[    0.048007] Spectre V2 : Mitigation: Full generic retpoline
[    0.052006] Spectre V2 : Spectre v2 / SpectreRSB mitigation: Filling RSB on context switch
[    0.056008] Speculative Store Bypass: Vulnerable
[    0.060054] MDS: Vulnerable: Clear CPU buffers attempted, no microcode
[    0.064287] Freeing SMP alternatives memory: 36K
[    0.180086] smpboot: CPU0: Intel(R) Core(TM) i5-7360U CPU @ 2.30GHz (family: 0x6, model: 0x8e, stepping: 0x9)
[    0.184115] Performance Events: unsupported p6 CPU model 142 no PMU driver, software events only.
[    0.188056] Hierarchical SRCU implementation.
[    0.192528] NMI watchdog: Perf event create on CPU 0 failed with -2
[    0.196008] NMI watchdog: Perf NMI watchdog permanently disabled
[    0.200171] smp: Bringing up secondary CPUs ...
[    0.204107] x86: Booting SMP configuration:
[    0.208007] .... node  #0, CPUs:      #1
[    0.004000] kvm-clock: cpu 1, msr 0:3ff44041, secondary cpu clock
[    0.242675] smp: Brought up 1 node, 2 CPUs
[    0.244010] smpboot: Max logical packages: 1
[    0.248008] smpboot: Total of 2 processors activated (9216.00 BogoMIPS)
[    0.252133] devtmpfs: initialized
[    0.256062] x86/mm: Memory block size: 128MB
[    0.257259] evm: security.selinux
[    0.260009] evm: security.SMACK64
[    0.264007] evm: security.SMACK64EXEC
[    0.268005] evm: security.SMACK64TRANSMUTE
[    0.272006] evm: security.SMACK64MMAP
[    0.276003] evm: security.apparmor
[    0.280006] evm: security.ima
[    0.280816] evm: security.capability
[    0.288137] clocksource: jiffies: mask: 0xffffffff max_cycles: 0xffffffff, max_idle_ns: 7645041785100000 ns
[    0.292009] futex hash table entries: 512 (order: 3, 32768 bytes)
[    0.297439] pinctrl core: initialized pinctrl subsystem
[    0.304106] RTC time: 23:49:32, date: 04/01/20
[    0.308189] NET: Registered protocol family 16
[    0.309407] audit: initializing netlink subsys (disabled)
[    0.312060] audit: type=2000 audit(1585784974.166:1): state=initialized audit_enabled=0 res=1
[    0.336010] cpuidle: using governor ladder
[    0.340100] cpuidle: using governor menu
[    0.341682] ACPI: bus type PCI registered
[    0.342771] acpiphp: ACPI Hot Plug PCI Controller Driver version: 0.5
[    0.344108] PCI: Using configuration type 1 for base access
[    0.345166] HugeTLB registered 2.00 MiB page size, pre-allocated 0 pages
[    0.348198] ACPI: Added _OSI(Module Device)
[    0.348969] ACPI: Added _OSI(Processor Device)
[    0.349803] ACPI: Added _OSI(3.0 _SCP Extensions)
[    0.350852] ACPI: Added _OSI(Processor Aggregator Device)
[    0.352011] ACPI: Added _OSI(Linux-Dell-Video)
[    0.356009] ACPI: Added _OSI(Linux-Lenovo-NV-HDMI-Audio)
[    0.360011] ACPI: Added _OSI(Linux-HPI-Hybrid-Graphics)
[    0.368517] ACPI: Executed 1 blocks of module-level executable AML code
[    0.377868] ACPI: Interpreter enabled
[    0.380025] ACPI: (supports S0 S5)
[    0.380909] ACPI: Using IOAPIC for interrupt routing
[    0.384223] PCI: Using host bridge windows from ACPI; if necessary, use "pci=nocrs" and report a bug
[    0.388214] ACPI: Enabled 2 GPEs in block 00 to 07
[    0.403472] ACPI: PCI Root Bridge [PCI0] (domain 0000 [bus 00-ff])
[    0.404018] acpi PNP0A03:00: _OSC: OS supports [ASPM ClockPM Segments MSI]
[    0.405384] acpi PNP0A03:00: _OSC: not requesting OS control; OS requires [ExtendedConfig ASPM ClockPM MSI]
[    0.408024] acpi PNP0A03:00: fail to add MMCONFIG information, can't access extended PCI configuration space under this bridge.
[    0.412471] PCI host bridge to bus 0000:00
[    0.416011] pci_bus 0000:00: root bus resource [io  0x0000-0x0cf7 window]
[    0.420010] pci_bus 0000:00: root bus resource [io  0x0d00-0xffff window]
[    0.424011] pci_bus 0000:00: root bus resource [mem 0x000a0000-0x000bffff window]
[    0.428011] pci_bus 0000:00: root bus resource [mem 0x40000000-0xfdffffff window]
[    0.430686] pci_bus 0000:00: root bus resource [bus 00-ff]
[    0.438272] pci 0000:00:01.1: legacy IDE quirk: reg 0x10: [io  0x01f0-0x01f7]
[    0.440005] pci 0000:00:01.1: legacy IDE quirk: reg 0x14: [io  0x03f6]
[    0.444010] pci 0000:00:01.1: legacy IDE quirk: reg 0x18: [io  0x0170-0x0177]
[    0.448011] pci 0000:00:01.1: legacy IDE quirk: reg 0x1c: [io  0x0376]
[    0.473092] pci 0000:00:07.0: quirk: [io  0x4000-0x403f] claimed by PIIX4 ACPI
[    0.476025] pci 0000:00:07.0: quirk: [io  0x4100-0x410f] claimed by PIIX4 SMB
[    0.494215] ACPI: PCI Interrupt Link [LNKA] (IRQs 5 9 10 *11)
[    0.496352] ACPI: PCI Interrupt Link [LNKB] (IRQs 5 9 *10 11)
[    0.500449] ACPI: PCI Interrupt Link [LNKC] (IRQs 5 *9 10 11)
[    0.504158] ACPI: PCI Interrupt Link [LNKD] (IRQs 5 9 10 *11)
[    0.508768] SCSI subsystem initialized
[    0.512080] pci 0000:00:02.0: vgaarb: setting as boot VGA device
[    0.516000] pci 0000:00:02.0: vgaarb: VGA device added: decodes=io+mem,owns=io+mem,locks=none
[    0.516037] pci 0000:00:02.0: vgaarb: bridge control possible
[    0.520007] vgaarb: loaded
[    0.524082] ACPI: bus type USB registered
[    0.528044] usbcore: registered new interface driver usbfs
[    0.532038] usbcore: registered new interface driver hub
[    0.536044] usbcore: registered new device driver usb
[    0.540154] EDAC MC: Ver: 3.0.0
[    0.544441] PCI: Using ACPI for IRQ routing
[    0.548367] NetLabel: Initializing
[    0.549257] NetLabel:  domain hash size = 128
[    0.552006] NetLabel:  protocols = UNLABELED CIPSOv4 CALIPSO
[    0.556064] NetLabel:  unlabeled traffic allowed by default
[    0.564681] clocksource: Switched to clocksource kvm-clock
[   0.606976 VFS: Disk quotas dquot_6.6.0
[  0.732426] VFS: Dquot-cache hash table entries: 512 (order0, 4096 bytes)
[    0.892761] AppArmor: AppArmor Filesystem Enabled
    0.902565] pnp: PnP ACPI init
[    0.988235] pnp: PnP ACPI: found 3 devices

[    1.010457] clocksource: acpi_pm: mask: 0xffffff max_cycles: 0xffffff, max_idle_ns: 2085701024 ns
[    1.026763] NET: gisteredprotocol family 2

[    1.199379] TCP established hash table ntes:19(orde 4, 65536 bytes)
[  1156]CPinhash tab eri: 92orr: 5, 131072 bytes)
[  1359] TCP: Hash tables configur (estlied192 bind 892)

[    2.29875] UDP hash table entries: 512 (order: 2, 16384 bytes)
[    2.335918] UDP-Lite hash table entries: 512 (order: 2, 16384 bytes)
[    2.337707] NET: Regited otocol family 
[    20733pci 0000::00.: mitindict PCPCtrsfs
  3.290] i 00::01.0: Actating ISA DMA hanworkarounds
[    3.408240] pci 0000:00:02.0: Video device with shadowed ROM at [mem 0x000c0000-0x000dffff]
[    3.412455] Unpacking initramfs...

[    3.751477] Freeing initrd memory: 19732K
[    3.758683] clocksource: tsc: mask: 0xffffffffffffffff max_cycles: 0x2135f7c97c8, max_idle_ns: 440795273205 ns
[    3.822619] platform rtc_cmos: registered platform RTC device (no PNP device found)
[    3.888233] Scanning for low memory corruption every 60 seconds
[    3.896303] Initialise system trusted keyrings
[    3.949737] Key type blacklist registered
[    3.981662] workingset: timestamp_bits=36 max_order=18 bucket_order=0
[    3.996799] zbud: loaded
[    4.009055] squashfs: version 4.0 (2009/01/31) Phillip Lougher
[    4.016485] fuse init (API version 7.26)
[    4.065543] Key type asymmetric registered
[    4.066586] Asymmetric key parser 'x509' registered
[    4.067593] Block layer SCSI generic (bsg) driver version 0.4 loaded (major 246)
[    4.069428] io scheduler noop registered
[    4.084570] io scheduler deadline registered
[    4.102724] io scheduler cfq registered (default)
[    4.128022] ACPI: AC Adapter [AC] (off-line)
[    4.170986] input: Power Button as /devices/LNXSYSTM:00/LNXPWRBN:00/input/input0
[    4.204867] ACPI: Power Button [PWRF]
[    4.241320] input: Sleep Button as /devices/LNXSYSTM:00/LNXSLPBN:00/input/input1
[    4.297152] ACPI: Sleep Button [SLPF]
[    4.298802] Serial: 8250/16550 driver, 32 ports, IRQ sharing enabled
[    4.300392] ACPI: Battery Slot [BAT0] (battery present)
[    4.325743] 00:02: ttyS0 at I/O 0x3f8 (irq = 4, base_baud = 115200) is a 16550A
[    4.357090] Linux agpgart interface v0.103
[    4.401209] loop: module loaded
[    4.415688] scsi host0: ata_piix
[    4.423499] scsi host1: ata_piix
[    4.454022] ata1: PATA max UDMA/33 cmd 0x1f0 ctl 0x3f6 bmdma 0xd000 irq 14
[    4.456925] ata2: PATA max UDMA/33 cmd 0x170 ctl 0x376 bmdma 0xd008 irq 15
[    4.459014] libphy: Fixed MDIO Bus: probed
[    4.478666] tun: Universal TUN/TAP device driver, 1.6
[    4.480773] PPP generic driver version 2.4.2
[    4.482054] ehci_hcd: USB 2.0 'Enhanced' Host Controller (EHCI) Driver
[    4.484153] ehci-pci: EHCI PCI platform driver
[    4.501742] ehci-platform: EHCI generic platform driver
[    4.509843] ohci_hcd: USB 1.1 'Open' Host Controller (OHCI) Driver
[    4.525706] ohci-pci: OHCI PCI platform driver
[    4.538585] ohci-platform: OHCI generic platform driver
[    4.540470] uhci_hcd: USB Universal Host Controller Interface driver
[    4.549803] i8042: PNP: PS/2 Controller [PNP0303:PS2K,PNP0f03:PS2M] at 0x60,0x64 irq 1,12
[    4.565820] serio: i8042 KBD port at 0x60,0x64 irq 1
[    4.567186] serio: i8042 AUX port at 0x60,0x64 irq 12
[    4.568534] mousedev: PS/2 mouse device common for all mice
[    4.570104] rtc_cmos rtc_cmos: rtc core: registered rtc_cmos as rtc0
[    4.609656] rtc_cmos rtc_cmos: alarms up to one day, 114 bytes nvram
[    4.617464] i2c /dev entries driver
[    4.617477] input: AT Translated Set 2 keyboard as /devices/platform/i8042/serio0/input/input2
[    4.618844] device-mapper: uevent: version 1.0.3
[    4.671144] device-mapper: ioctl: 4.37.0-ioctl (2017-09-20) initialised: dm-devel@redhat.com
[    4.691346] ledtrig-cpu: registered to indicate activity on CPUs
[    4.728428] NET: Registered protocol family 10
[    4.787390] Segment Routing with IPv6
[    4.839483] NET: Registered protocol family 17
[    4.878429] Key type dns_resolver registered
[    4.906095] mce: Using 0 MCE banks
[    4.952373] RAS: Correctable Errors collector initialized.
[    5.016325] sched_clock: Marking stable (5016293141, 0)->(11058351511, -6042058370)
[    5.058752] registered taskstats version 1
[    5.059601] Loading compiled-in X.509 certificates
[    5.063104] Loaded X.509 cert 'Build time autogenerated kernel key: d019e8c5f4cbc828f6af43369f65a014a3a68371'
[    5.160767] zswap: loaded using pool lzo/zbud
[    5.217351] Key type big_key registered
[    5.226698] Key type trusted registered
[    5.229681] Key type encrypted registered
[    5.250275] AppArmor: AppArmor sha1 policy hashing enabled
[    5.289905] ima: No TPM chip found, activating TPM-bypass! (rc=-19)
[    5.310831] ima: Allocated hash algorithm: sha1
[    5.344671] evm: HMAC attrs: 0x1
[    5.345817]   Magic number: 0:291:857
[    5.346854] rtc_cmos rtc_cmos: setting system clock to 2020-04-01 23:49:37 UTC (1585784977)
[    5.385218] BIOS EDD facility v0.16 2004-Jun-25, 0 devices found
[    5.386718] EDD information not available.
[    5.390849] Freeing unused kernel image memory: 2432K
[    5.412226] Write protecting the kernel read-only data: 20480k
[    5.414243] Freeing unused kernel image memory: 2008K
[    5.415839] Freeing unused kernel image memory: 1880K
[    5.422793] x86/mm: Checked W+X mappings: passed, no W+X pages found.
[    5.424419] x86/mm: Checking user space page tables
[    5.431088] x86/mm: Checked W+X mappings: passed, no W+X pages found.
Loading, please wait...
starting version 237
[    5.495370] e1000: Intel(R) PRO/1000 Network Driver - version 7.3.21-k8-NAPI
[    5.503037] e1000: Copyright (c) 1999-2006 Intel Corporation.
[    5.513527] Fusion MPT base driver 3.04.20
[    5.514523] Copyright (c) 1999-2008 LSI Corporation
[    5.521926] AVX2 version of gcm_enc/dec engaged.
[    5.523356] AES CTR mode by8 optimization enabled
[    5.532388] Fusion MPT SPI Host driver 3.04.20
[    5.539122] mptbase: ioc0: Initiating bringup
[    5.676004] ioc0: LSI53C1030 A0: Capabilities={Initiator}
[    5.749020] input: ImExPS/2 Generic Explorer Mouse as /devices/platform/i8042/serio1/input/input4
[    6.622394] scsi host2: ioc0: LSI53C1030 A0, FwRev=00000000h, Ports=1, MaxQ=256, IRQ=20
[    7.454271] scsi 2:0:0:0: Direct-Access     VBOX     HARDDISK         1.0  PQ: 0 ANSI: 5
[    7.890054] scsi target2:0:0: Beginning Domain Validation
[    7.896686] scsi target2:0:0: Domain Validation skipping write tests
[    7.911326] scsi target2:0:0: Ending Domain Validation
[    7.915586] scsi target2:0:0: asynchronous
[    7.917329] scsi 2:0:1:0: Direct-Access     VBOX     HARDDISK         1.0  PQ: 0 ANSI: 5
[    8.223515] scsi target2:0:1: Beginning Domain Validation
[    8.250580] random: fast init done
[    8.252157] scsi target2:0:1: Domain Validation skipping write tests
[    8.258235] scsi target2:0:1: Ending Domain Validation
[    8.259363] scsi target2:0:1: asynchronous
[    8.261284] e1000 0000:00:03.0 eth0: (PCI:33MHz:32-bit) 02:b1:13:47:2b:13
[    8.261306] random: systemd-udevd: uninitialized urandom read (16 bytes read)
[    8.270411] e1000 0000:00:03.0 eth0: Intel(R) PRO/1000 Network Connection
[    8.276470] random: systemd-udevd: uninitialized urandom read (16 bytes read)
[    8.315927] random: systemd-udevd: uninitialized urandom read (16 bytes read)
[    8.330163] sd 2:0:0:0: Attached scsi generic sg0 type 0
[    8.331723] sd 2:0:1:0: Attached scsi generic sg1 type 0
[    8.340164] sd 2:0:1:0: [sdb] 20480 512-byte logical blocks: (10.5 MB/10.0 MiB)
[    8.342239] sd 2:0:0:0: [sda] 20971520 512-byte logical blocks: (10.7 GB/10.0 GiB)
[    8.343783] sd 2:0:1:0: [sdb] Write Protect is off
[    8.344800] sd 2:0:0:0: [sda] Write Protect is off
[    8.346133] sd 2:0:1:0: [sdb] Incomplete mode parameter data
[    8.347614] sd 2:0:1:0: [sdb] Assuming drive cache: write through
[    8.349228] sd 2:0:0:0: [sda] Incomplete mode parameter data
[    8.350460] sd 2:0:0:0: [sda] Assuming drive cache: write through
[    8.358032]  sda: sda1
[    8.359652] sd 2:0:0:0: [sda] Attached SCSI disk
[    8.361205] sd 2:0:1:0: [sdb] Attached SCSI disk
[    8.685981] e1000 0000:00:08.0 eth1: (PCI:33MHz:32-bit) 08:00:27:c6:bb:13
[    8.743884] e1000 0000:00:08.0 eth1: Intel(R) PRO/1000 Network Connection
[    8.802279] e1000 0000:00:08.0 enp0s8: renamed from eth1
[    8.816758] e1000 0000:00:03.0 enp0s3: renamed from eth0
Begin: Loading essential drivers ... [   10.336235] raid6: sse2x1   gen() 11291 MB/s
[   10.404278] raid6: sse2x1   xor()  8857 MB/s
[   10.468306] raid6: sse2x2   gen() 13771 MB/s
[   10.556298] raid6: sse2x2   xor() 10210 MB/s
[   10.628589] raid6: sse2x4   gen() 15985 MB/s
[   10.696245] raid6: sse2x4   xor() 11123 MB/s
[   10.764257] raid6: avx2x1   gen() 23616 MB/s
[   10.844089] raid6: avx2x1   xor() 15912 MB/s
[   10.932199] raid6: avx2x2   gen() 25936 MB/s
[   11.016292] raid6: avx2x2   xor() 18491 MB/s
[   11.092023] raid6: avx2x4   gen() 26983 MB/s
[   11.196106] raid6: avx2x4   xor() 16544 MB/s
[   11.197993] raid6: using algorithm avx2x4 gen() 26983 MB/s
[   11.201241] raid6: .... xor() 16544 MB/s, rmw enabled
[   11.220856] raid6: using avx2x2 recovery algorithm
[   11.231260] xor: automatically using best checksumming function   avx       
[   11.241611] async_tx: api initialized (async)
done.
Begin: Running /scripts/init-premount ... done.
Begin: Mounting root file system ... Begin: Running /scripts/local-top ... done.
Begin: Running /scripts/local-premount ... [   11.285805] Btrfs loaded, crc32c=crc32c-intel
Scanning for Btrfs filesystems
done.
Warning: fsck not present, so sk[   11.316536] EXT4-fs (sda1): INFO: recovery required on readonly filesystem
ipping root file[   11.349050] EXT4-fs (sda1): write access will be enabled during recovery
 system
[   11.570425] EXT4-fs (sda1): orphan cleanup on readonly fs
[   11.592729] EXT4-fs (sda1): 1 orphan inode deleted
[   11.633621] EXT4-fs (sda1): recovery complete
[   11.650313] EXT4-fs (sda1): mounted filesystem with ordered data mode. Opts: (null)
done.
Begin: Running /scripts/local-bottom ... done.
Begin: Running /scripts/init-bottom ... done.
[   11.873215] ip_tables: (C) 2000-2006 Netfilter Core Team
[   11.902819] systemd[1]: systemd 237 running in system mode. (+PAM +AUDIT +SELINUX +IMA +APPARMOR +SMACK +SYSVINIT +UTMP +LIBCRYPTSETUP +GCRYPT +GNUTLS +ACL +XZ +LZ4 +SECCOMP +BLKID +ELFUTILS +KMOD -IDN2 +IDN -PCRE2 default-hierarchy=hybrid)
[   12.718600] systemd[1]: Detected virtualization oracle.
[   12.987403] systemd[1]: Detected architecture x86-64.

Welcome to [1mUbuntu 18.04.3 LTS[0m!

[   14.313493] systemd[1]: Set hostname to <ubuntu-bionic>.
[   15.481956] systemd[1]: Reached target System Time Synchronized.
[[0;32m  OK  [0m] Reached target System Time Synchronized.
[   15.484580] systemd[1]: Set up automount Arbitrary Executable File Formats File System Automount Point.
[[0;32m  OK  [0m] Set up automount Arbitrary Executab…rmats File System Automount Point.
[   15.539500] systemd[1]: Created slice User and Session Slice.
[[0;32m  OK  [0m] Created slice User and Session Slice.
[   15.857051] systemd[1]: Reached target Swap.
[[0;32m  OK  [0m] Reached target Swap.
[   16.274181] systemd[1]: Started Forward Password Requests to Wall Directory Watch.
[[0;32m  OK  [0m] Started Forward Password Requests to Wall Directory Watch.
[   16.648430] systemd[1]: Reached target User and Group Name Lookups.
[[0;32m  OK  [0m] Reached target User and Group Name Lookups.
[[0;32m  OK  [0m] Created slice System Slice.
[[0;32m  OK  [0m] Listening on /dev/initctl Compatibility Named Pipe.
[[0;32m  OK  [0m] Listening on Journal Socket (/dev/log).
[[0;32m  OK  [0m] Created slice system-serial\x2dgetty.slice.
[[0;32m  OK  [0m] Listening on Syslog Socket.
[[0;32m  OK  [0m] Listening on Network Service Netlink Socket.
[[0;32m  OK  [0m] Listening on Journal Socket.
         Starting Remount Root and Kernel File Systems...
         Mounting POSIX Message Queue File System...
         Mounting Kernel Debug File System...
         Starting Create list of required st…ce nodes for the current kernel...
         Starting Uncomplicated firewall...
[[0;32m  OK  [0m] Listening on udev Control Socket[   16.794590] EXT4-fs (sda1): re-mounted. Opts: (null)
.
[[0;32m  OK  [0m] Reached target Slices.
[[0;32m  OK  [0m] Listening on LVM2 poll daemon socket.
[[0;32m  OK  [0m] Listening on Device-mapper event daemon FIFOs.
         Starting Set the console keyboard layout...
[[0;32m  OK  [0m] Listening on Journal Audit Socket.
         Starting Journal Service...
[[0;32m  OK  [0m] Listening on LVM2 metadata daemon socket.
         Starting Load Kernel Modules...
[[0;32m  OK  [0m] Listening on udev Kernel Socket.
         Starting udev Coldplug all Devices...
[   16.858209] random: crng init done
[   16.859214] random: 7 urandom warning(s) missed due to ratelimiting
         Starting Monitoring of LVM2 mirrors…ng dmeventd or progress polling...
         Mounting Huge Pages File System...
[   16.876501] Loading iSCSI transport class v2.0-870.
[[0;32m  OK  [[   16.887870] iscsi: registered transport (tcp)
0m] Started Remount Root and Kernel File Systems.
[   17.016759] systemd[1]: Started Journal Service.
[[0;32m  OK  [0m] Started Journal Service.
[[0;32m  OK  [0m] Mounted POSIX Message Queue File System.
[[0;32m  OK  [0m] Mounted Kernel Debug File System.
[[0;32m  OK  [0m] Started Create list of required sta…vice nodes for the current kernel.
[   17.068251] iscsi: registered transport (iser)
[[0;32m  OK  [0m] Started Uncomplicated firewall.
[[0;32m  OK  [0m] Started Load Kernel Modules.
[[0;32m  OK  [0m] Mounted Huge Pages File System.
[[0;32m  OK  [0m] Started Set the console keyboard layout.
[[0;32m  OK  [0m] Started udev Coldplug all Devices.
[[0;32m  OK  [0m] Started LVM2 metadata daemon.
         Starting Apply Kernel Variables...
         Mounting FUSE Control File System...
         Mounting Kernel Configuration File System...
         Starting Create Static Device Nodes in /dev...
         Starting Flush Journal to Persistent Storage...
         Starting Load/Save Random Seed...
[[0;32m  OK  [0m] Started Monitoring of LVM2 mirrors,…sing dmeventd or progress polling.
[[0;32m  OK  [0m] Started Apply Kernel Variables.
[[0;32m  OK  [0m] Mounted FUSE Control File System.
[[0;32m  OK  [0m] Mounted Kernel Configuration File System.
[[0;32m  OK  [0m] Started Create Static Device Nodes in /dev.
[[0;32m  OK  [0m] Started Load/Save Random Seed.
         Starting udev Kernel Device Manager...
[[0;32m  OK  [0m] Reached target Local File Systems (Pre).
[[0;32m  OK  [0m] Reached target Local File Systems.
         Starting Tell Plymouth To Write Out Runtime Data...
         Starting Set console font and keymap...
         Starting AppArmor initialization...
         Starting ebtables ruleset management...
[[0;32m  OK  [0m] Started udev Kernel Device Manager.
[[0;32m  OK  [0m] Started Dispatch Password Requests to Console Directory Watch.
[[0;32m  OK  [0m] Reached target Local Encrypted Volumes.
[[0;32m  OK  [0m] Started Tell Plymouth To Write Out Runtime Data.
[[0;32m  OK  [0m] Started Set console font and keymap.
[[0;32m  OK  [0m] Started ebtables ruleset management.
[[0;32m  OK  [0m] Started Flush Journal to Persistent Storage.
         Starting Create Volatile Files and Directories...
[[0;32m  OK  [0m] Started Create Volatile Files and Directories.
         Starting Update UTMP about System Boot/Shutdown...
[[0;32m  OK  [0m] Found device /dev/ttyS0.
[[0;32m  OK  [0m] Started Update UTMP about System Boot/Shutdown.
[[0;32m  OK  [0m] Listening on Load/Save RF Kill Switch Status /dev/rfkill Watch.
[[0;32m  OK  [0m] Started AppArmor initialization.
         Starting Initial cloud-init job (pre-networking)...
[   20.332282] cloud-init[530]: Cloud-init v. 19.3-41-gc4735dd3-0ubuntu1~18.04.1 running 'init-local' at Wed, 01 Apr 2020 23:49:52 +0000. Up 20.14 seconds.
[[0;32m  OK  [0m] Started Initial cloud-init job (pre-networking).
[[0;32m  OK  [0m] Reached target Network (Pre).
         Starting Network Service...
[[0;32m  OK  [0m] Started Network Service.
         Starting Wait for Network to be Configured...
         Starting Network Name Resolution...
[[0;32m  OK  [0m] Started Network Name Resolution.
[[0;32m  OK  [0m] Reached target Host and Network Name Lookups.
[[0;32m  OK  [0m] Reached target Network.
[[0;32m  OK  [0m] Started Wait for Network to be Configured.
         Starting Initial cloud-init job (metadata service crawler)...
[   23.029118] cloud-init[718]: Cloud-init v. 19.3-41-gc4735dd3-0ubuntu1~18.04.1 running 'init' at Wed, 01 Apr 2020 23:49:55 +0000. Up 22.89 seconds.
[   23.032862] cloud-init[718]: ci-info: ++++++++++++++++++++++++++++++++++++++Net device info+++++++++++++++++++++++++++++++++++++++
[   23.038059] cloud-init[718]: ci-info: +--------+------+-----------------------------+---------------+--------+-------------------+
[   23.044131] cloud-init[718]: ci-info: | Device |  Up  |           Address           |      Mask     | Scope  |     Hw-Address    |
[   23.046831] cloud-init[718]: ci-info: +--------+------+-----------------------------+---------------+--------+-------------------+
[   23.060645] cloud-init[718]: ci-info: | enp0s3 | True |          10.0.2.15          | 255.255.255.0 | global | 02:b1:13:47:2b:13 |
[   23.115026] cloud-init[718]: ci-info: | enp0s3 | True |  fe80::b1:13ff:fe47:2b13/64 |       .       |  link  | 02:b1:13:47:2b:13 |
[   23.142548] cloud-init[718]: ci-info: | enp0s8 | True |        192.168.33.10        | 255.255.255.0 | global | 08:00:27:c6:bb:13 |
[   23.178838] cloud-init[718]: ci-info: | enp0s8 | True | fe80::a00:27ff:fec6:bb13/64 |       .       |  link  | 08:00:27:c6:bb:13 |
[   23.202985] cloud-init[718]: ci-info: |   lo   | True |          127.0.0.1          |   255.0.0.0   |  host  |         .         |
[   23.211451] cloud-init[718]: ci-info: |   lo   | True |           ::1/128           |       .       |  host  |         .         |
[   23.214209] cloud-init[718]: ci-info: +--------+------+-----------------------------+---------------+--------+-------------------+
[   23.217832] cloud-init[718]: ci-info: +++++++++++++++++++++++++++++Route IPv4 info+++++++++++++++++++++++++++++
[   23.228882] cloud-init[718]: ci-info: +-------+--------------+----------+-----------------+-----------+-------+
[   23.240596] cloud-init[718]: ci-info: | Route | Destination  | Gateway  |     Genmask     | Interface | Flags |[[0;32m  OK  [0m] Started Initial cloud-init job (metadata service crawler).
[[0;32m  OK  [0m] Reached target System Initialization.
[[0;32m  OK  [0m] Listening on UUID daemon activation socket.

[[0;32m  OK  [0m] Started Message of the Day.
[[0;32m  OK  [0m] Listening on Open-iSCSI iscsid Socket.
[[0;32m  OK  [0m] Started Daily apt download activities.
[[0;32m  OK  [0m] Started Discard unused blocks once a week.
[[0;32m  OK  [0m] Listening on ACPID Listen Socket.
         Starting LXD - unix socket.
[[0;32m  OK  [0m] Started Daily Cleanup of Temporary Directories.
[[0;32m  OK  [0m] Listening on D-Bus System Message Bus Socket.
[[0;32m  OK  [0m] Started Daily apt upgrade and clean activities.
         Starting Socket activation for snappy daemon.
[   23.267647] [cloud-init[0;32m  OK  [0m[718]: ] ci-info: +-------+--------------+----------+-----------------+-----------+-------+Reached target Timers.

[[0;32m  OK  [0m] Started ACPI Events Check.
[   23.695177] [cloud-init[0;32m  OK  [0m[718]: ] ci-info: |   0   |   0.0.0.0    | 10.0.2.2 |     0.0.0.0     |   enp0s3  |   UG  |Reached target Paths.

[[0;32m  OK  [0m] Reached target Network is Online.
[   23.776470] cloud-init[718]: ci-info: |   1   |   10.0.2.0   | 0.0.0.0  |  255.255.255.0  |   enp0s3  |   U   |
[[0;32m  OK  [0m] Reached target Remote File Systems (Pre).
[[0;32m  OK  [0m] Reached target Remote File Systems.
         Starting Availability of block devices...
[[0;32m  OK  [0m] Reached target Cloud-config availability.
[[0;32m  OK  [0m] Listening on LXD - unix socket.
[[0;32m  OK  [0m] Listening on Socket activation for snappy daemon.
[[0;32m  OK  [0m] Reached target Sockets.
[[0;32m  OK  [0m] Reached target Basic System.
[   23.837355] cloud-init[718]: ci-info: |   2   |   10.0.2.2   | 0.0.0.0  | 255.255.255.255 |   enp0s3  |   UH  |
         Starting LXD - container startup/shutdown...
[   23.920768] cloud-init[718]: ci-info: |   3   | 192.168.33.0 | 0.0.0.0  |  255.255.255.0  |   enp0s8  |   U   |
[   23.960246]          cloud-init[718]: Starting LSB: Record successful boot for GRUB...ci-info: +-------+--------------+----------+-----------------+-----------+-------+

         Starting System Logging Service...
[   23.984523] [[0;32m  OK  [0m] Started FUSE filesystem for LXC.
         Starting LSB: automatic crash report generation...
cloud-init[718]: ci-info: +++++++++++++++++++Route IPv6 info+++++++++++++++++++
[   23.990079] cloud-init[718]: ci-info: +-------+-------------+---------+-----------+-------+
[   23.999456] cloud-init[718]: ci-info: | Route | Destination | Gateway | Interface | Flags |
[   24.001669] cloud-init[718]: ci-info: +-------+-------------+---------+-----------+-------+
[   24.003865] cloud-init[718]: ci-info: |   1   |  fe80::/64  |    ::   |   enp0s8  |   U   |
[   24.007962] cloud-init[718]: ci-info: |   2   |  fe80::/64  |    ::   |   enp0s3  |   U   |
[   24.010460] cloud-init[718]: ci-info: |   4   |    local    |    ::   |   enp0s3  |   U   |
[[0;32m  OK  [0m] Started Regular background program processing daemon.
[   24.035153] cloud-init[718]: ci-info: |   5   |    local    |    ::   |   enp0s8  |   U   |
[   24.037672] cloud-init[718]: ci-info: |   6   |   ff00::/8  |    ::   |   enp0s8  |   U   |
[   24.047771] cloud-init[718]: ci-info: |   7   |   ff00::/8  |    ::   |   enp0s3  |   U   |
[   24.050922] cloud-init[718]: ci-info: +-------+-------------+---------+-----------+-------+
         Starting Dispatcher daemon for systemd-networkd...
         Starting Accounts Service...
         Starting vboxadd.service...
[[0;32m  OK  [0m] Started D-Bus System Message Bus.
         Starting Permit User Sessions...
         Starting OpenBSD Secure Shell server...
[[0;32m  OK  [0m] Started Deferred execution scheduler.
[[0;32m  OK  [0m] Started irqbalance daemon.
         Starting Snappy daemon...
         Starting Login Service...
         Starting Message of the Day...
[[0;32m  OK  [0m] Started System Logging Service.
[[0;32m  OK  [0m] Started Dispatcher daemon for systemd-networkd.
[[0;32m  OK  [0m] Started Availability of block devices.
[[0;32m  OK  [0m] Started LXD - container startup/shutdown.
[[0;32m  OK  [0m] Started Permit User Sessions.
[[0;32m  OK  [0m] Started OpenBSD Secure Shell server.
[[0;32m  OK  [0m] Started Login Service.
[[0;32m  OK  [0m] Started Unattended Upgrades Shutdown.
         Starting Authorization Manager...
         Starting Hold until boot process finishes up...
         Starting Terminate Plymouth Boot Screen...
[[0;32m  OK  [0m] Started Hold until boot process finishes up.
[[0;32m  OK  [0m] Started LSB: automatic crash report generation.
[[0;32m  OK  [0m] Started LSB: Record successful boot for GRUB.
[[0;32m  OK  [0m] Started Terminate Plymouth Boot Screen.
[[0;32m  OK  [0m] Started Authorization Manager.
[[0;32m  OK  [0m] Started Accounts Service.
         Starting Set console scheme...
[[0;32m  OK  [0m] Started Serial Getty on ttyS0.
[[0;32m  OK  [0m] Started Set console scheme.
[[0;32m  OK  [0m] Started vboxadd.service.
         Starting vboxadd-service.service...
[[0;32m  OK  [0m] Created slice system-getty.slice.
[[0;32m  OK  [0m] Started Getty on tty1.
[[0;32m  OK  [0m] Reached target Login Prompts.
[[0;32m  OK  [0m] Started vboxadd-service.service.
[[0;32m  OK  [0m] Started Snappy daemon.
         Starting Wait until snapd is fully seeded...
[[0;32m  OK  [0m] Started Wait until snapd is fully seeded.
[[0;32m  OK  [0m] Reached target Multi-User System.
[[0;32m  OK  [0m] Reached target Graphical Interface.
         Starting Update UTMP about System Runlevel Changes...
         Starting Apply the settings specified in cloud-config...
[[0;32m  OK  [0m] Started Update UTMP about System Runlevel Changes.
[   25.715388] cloud-init[1231]: Cloud-init v. 19.3-41-gc4735dd3-0ubuntu1~18.04.1 running 'modules:config' at Wed, 01 Apr 2020 23:49:57 +0000. Up 25.51 seconds.
[[0;32m  OK  [0m] Started Apply the settings specified in cloud-config.
         Starting Execute cloud user/final scripts...
[[0;32m  OK  [0m] Created slice User Slice of vagrant.
         Starting User Manager for UID 1000...
[[0;32m  OK  [0m] Started Session 1 of user vagrant.
[[0;32m  OK  [0m] Started User Manager for UID 1000.
[   26.616239] cloud-init[1282]: Cloud-init v. 19.3-41-gc4735dd3-0ubuntu1~18.04.1 running 'modules:final' at Wed, 01 Apr 2020 23:49:58 +0000. Up 26.47 seconds.
[   26.661228] cloud-init[1282]: Cloud-init v. 19.3-41-gc4735dd3-0ubuntu1~18.04.1 finished at Wed, 01 Apr 2020 23:49:58 +0000. Datasource DataSourceNoCloud [seed=/dev/sdb][dsmode=net].  Up 26.59 seconds
[[0;32m  OK  [0m] Started Execute cloud user/final scripts.
[[0;32m  OK  [0m] Reached target Cloud-init target.
[[0;32m  OK  [0m] Started Message of the Day.

Ubuntu 18.04.3 LTS ubuntu-bionic ttyS0

ubuntu-bionic login: 